[31;40mSIGNATURE: 53616c7465645f5f51fd0a9c3c6ab82304a111643ec02df566e88e98974094e4c7710eb2ba2432d8f18b263b4204815c
[0m[31;40mtest/kshell/kshell.c:98 kshell_add_command(): Added help command
[0m[31;40mtest/kshell/kshell.c:98 kshell_add_command(): Added echo command
[0m[31;40mtest/kshell/kshell.c:98 kshell_add_command(): Added cat command
[0m[31;40mtest/kshell/kshell.c:98 kshell_add_command(): Added ls command
[0m[31;40mtest/kshell/kshell.c:98 kshell_add_command(): Added cd command
[0m[31;40mtest/kshell/kshell.c:98 kshell_add_command(): Added rm command
[0m[31;40mtest/kshell/kshell.c:98 kshell_add_command(): Added link command
[0m[31;40mtest/kshell/kshell.c:98 kshell_add_command(): Added rmdir command
[0m[31;40mtest/kshell/kshell.c:98 kshell_add_command(): Added mkdir command
[0m[31;40mtest/kshell/kshell.c:98 kshell_add_command(): Added stat command
[0m[31;40mtest/kshell/kshell.c:98 kshell_add_command(): Added exit command
[0m[31;40mtest/kshell/kshell.c:98 kshell_add_command(): Added vfstest command
[0m[31;40mtest/kshell/kshell.c:98 kshell_add_command(): Added thrtest command
[0m[31;40mtest/kshell/kshell.c:98 kshell_add_command(): Added dirtest command
[0m[31;40mtest/kshell/kshell.c:133 kshell_create(): kshell successfully created on TTY 0
[0m[31;40mtest/kshell/kshell.c:446 kshell_execute_next(): Attempting to execute command 'vfstest'
[0m[31;40mtest/vfstest/vfstest.c:191 vfstest_start(): Created test root directory: ./vfstest-505826665
[0m[31;40mvfstest_notdir subtests completed, [0m[31;40m25 passed and [0m[31;40m0 failed so far
[0m[31;40mvfstest_stat subtests completed, [0m[31;40m41 passed and [0m[31;40m0 failed so far
[0m[31;40mvfstest_chdir subtests completed, [0m[31;40m64 passed and [0m[31;40m0 failed so far
[0m[31;40mvfstest_mkdir subtests completed, [0m[31;40m108 passed and [0m[31;40m0 failed so far
[0m[31;40mvfstest_paths subtests completed, [0m[31;40m239 passed and [0m[31;40m0 failed so far
[0m[31;40mvfstest_fd subtests completed, [0m[31;40m346 passed and [0m[31;40m0 failed so far
[0m[31;40mvfstest_open subtests completed, [0m[31;40m419 passed and [0m[31;40m0 failed so far
[0m[31;40mFAILED: test/vfstest/vfstest.c(795): (ksys_read(fd, buf, 256), errno == 21): 
expected EISDIR (21)
got      EBADF (9)
[0m[31;40mvfstest_read subtests completed, [0m[31;40m518 passed and [0m[31;40m1 failed so far
[0mpanic in include/test/vfstest/vfstest.h:83 ksys_getdents(): assertion failed: nbr == sizeof(dirent_t)
Kernel Halting.

